#-----------------------------------------------------------
# Vivado v2018.3 (64-bit)
# SW Build 2405991 on Thu Dec  6 23:38:27 MST 2018
# IP Build 2404404 on Fri Dec  7 01:43:56 MST 2018
# Start of session at: Thu May  5 10:51:03 2022
# Process ID: 12748
# Current directory: D:/ProgrammingMonkey/COAD/lab3/booth/Booth
# Command line: vivado.exe -gui_launcher_event rodinguilauncherevent9376 D:\ProgrammingMonkey\COAD\lab3\booth\Booth\Booth.xpr
# Log file: D:/ProgrammingMonkey/COAD/lab3/booth/Booth/vivado.log
# Journal file: D:/ProgrammingMonkey/COAD/lab3/booth/Booth\vivado.jou
#-----------------------------------------------------------
start_gui
open_project D:/ProgrammingMonkey/COAD/lab3/booth/Booth/Booth.xpr
Scanning sources...
Finished scanning sources
INFO: [IP_Flow 19-234] Refreshing IP repositories
INFO: [IP_Flow 19-1704] No user IP repositories specified
INFO: [IP_Flow 19-2313] Loaded Vivado IP repository 'D:/Vivado2018_3/Vivado/2018.3/data/ip'.
open_project: Time (s): cpu = 00:00:15 ; elapsed = 00:00:06 . Memory (MB): peak = 677.645 ; gain = 67.441
update_compile_order -fileset sources_1
export_ip_user_files -of_objects  [get_files D:/ProgrammingMonkey/COAD/lab3/booth/Booth/Booth.srcs/sources_1/new/Booth.v] -no_script -reset -force -quiet
remove_files  D:/ProgrammingMonkey/COAD/lab3/booth/Booth/Booth.srcs/sources_1/new/Booth.v
add_files -norecurse D:/ProgrammingMonkey/COAD/lab3/booth/booth.v
exit
INFO: [Common 17-206] Exiting Vivado at Thu May  5 10:52:11 2022...
